{"level":"info","message":"User service running on port 3001","service":"identity-service","timestamp":"2025-01-30T14:17:41.641Z"}
{"level":"error","message":"MongoDB connection error The `uri` parameter to `openUri()` must be a string, got \"undefined\". Make sure the first parameter to `mongoose.connect()` or `mongoose.createConnection()` is a string.","service":"identity-service","stack":"MongooseError: The `uri` parameter to `openUri()` must be a string, got \"undefined\". Make sure the first parameter to `mongoose.connect()` or `mongoose.createConnection()` is a string.\n    at NativeConnection.createClient (/home/jaaystones1/social_media_microservice/user-service/node_modules/mongoose/lib/drivers/node-mongodb-native/connection.js:225:11)\n    at NativeConnection.openUri (/home/jaaystones1/social_media_microservice/user-service/node_modules/mongoose/lib/connection.js:1016:34)\n    at Mongoose.connect (/home/jaaystones1/social_media_microservice/user-service/node_modules/mongoose/lib/mongoose.js:446:15)\n    at Object.<anonymous> (/home/jaaystones1/social_media_microservice/user-service/src/server.js:19:4)\n    at Module._compile (node:internal/modules/cjs/loader:1376:14)\n    at Module._extensions..js (node:internal/modules/cjs/loader:1435:10)\n    at Module.load (node:internal/modules/cjs/loader:1207:32)\n    at Module._load (node:internal/modules/cjs/loader:1023:12)\n    at Function.executeUserEntryPoint [as runMain] (node:internal/modules/run_main:135:12)\n    at node:internal/main/run_main_module:28:49","timestamp":"2025-01-30T14:17:41.657Z"}
{"level":"info","message":"User service running on port 3001","service":"user-service","timestamp":"2025-01-30T14:18:54.533Z"}
{"level":"error","message":"MongoDB connection error The `uri` parameter to `openUri()` must be a string, got \"undefined\". Make sure the first parameter to `mongoose.connect()` or `mongoose.createConnection()` is a string.","service":"user-service","stack":"MongooseError: The `uri` parameter to `openUri()` must be a string, got \"undefined\". Make sure the first parameter to `mongoose.connect()` or `mongoose.createConnection()` is a string.\n    at NativeConnection.createClient (/home/jaaystones1/social_media_microservice/user-service/node_modules/mongoose/lib/drivers/node-mongodb-native/connection.js:225:11)\n    at NativeConnection.openUri (/home/jaaystones1/social_media_microservice/user-service/node_modules/mongoose/lib/connection.js:1016:34)\n    at Mongoose.connect (/home/jaaystones1/social_media_microservice/user-service/node_modules/mongoose/lib/mongoose.js:446:15)\n    at Object.<anonymous> (/home/jaaystones1/social_media_microservice/user-service/src/server.js:19:4)\n    at Module._compile (node:internal/modules/cjs/loader:1376:14)\n    at Module._extensions..js (node:internal/modules/cjs/loader:1435:10)\n    at Module.load (node:internal/modules/cjs/loader:1207:32)\n    at Module._load (node:internal/modules/cjs/loader:1023:12)\n    at Function.executeUserEntryPoint [as runMain] (node:internal/modules/run_main:135:12)\n    at node:internal/main/run_main_module:28:49","timestamp":"2025-01-30T14:18:54.539Z"}
{"level":"info","message":"User service running on port 3001","service":"user-service","timestamp":"2025-01-30T14:20:51.562Z"}
{"level":"error","message":"MongoDB connection error The `uri` parameter to `openUri()` must be a string, got \"undefined\". Make sure the first parameter to `mongoose.connect()` or `mongoose.createConnection()` is a string.","service":"user-service","stack":"MongooseError: The `uri` parameter to `openUri()` must be a string, got \"undefined\". Make sure the first parameter to `mongoose.connect()` or `mongoose.createConnection()` is a string.\n    at NativeConnection.createClient (/home/jaaystones1/social_media_microservice/user-service/node_modules/mongoose/lib/drivers/node-mongodb-native/connection.js:225:11)\n    at NativeConnection.openUri (/home/jaaystones1/social_media_microservice/user-service/node_modules/mongoose/lib/connection.js:1016:34)\n    at Mongoose.connect (/home/jaaystones1/social_media_microservice/user-service/node_modules/mongoose/lib/mongoose.js:446:15)\n    at Object.<anonymous> (/home/jaaystones1/social_media_microservice/user-service/src/server.js:19:4)\n    at Module._compile (node:internal/modules/cjs/loader:1376:14)\n    at Module._extensions..js (node:internal/modules/cjs/loader:1435:10)\n    at Module.load (node:internal/modules/cjs/loader:1207:32)\n    at Module._load (node:internal/modules/cjs/loader:1023:12)\n    at Function.executeUserEntryPoint [as runMain] (node:internal/modules/run_main:135:12)\n    at node:internal/main/run_main_module:28:49","timestamp":"2025-01-30T14:20:51.571Z"}
{"level":"info","message":"User service running on port 3001","service":"user-service","timestamp":"2025-01-30T14:22:33.370Z"}
{"level":"info","message":"Connected to mongoDB","service":"user-service","timestamp":"2025-01-30T14:22:38.011Z"}
{"level":"info","message":"User service running on port 3001","service":"user-service","timestamp":"2025-01-30T14:24:51.405Z"}
{"level":"info","message":"Connected to mongoDB","service":"user-service","timestamp":"2025-01-30T14:24:55.970Z"}
{"level":"info","message":"User service running on port 3001","service":"user-service","timestamp":"2025-01-30T14:37:34.462Z"}
{"level":"info","message":"Connected to mongoDB","service":"user-service","timestamp":"2025-01-30T14:37:37.421Z"}
{"level":"info","message":"Received POST' request to /api/auth/register","service":"user-service","timestamp":"2025-01-30T14:41:03.703Z"}
{"level":"info","message":"Request Body [object Object]","service":"user-service","timestamp":"2025-01-30T14:41:03.705Z"}
{"level":"info","message":"User service running on port 3001","service":"user-service","timestamp":"2025-01-30T14:43:47.696Z"}
{"level":"info","message":"Connected to mongoDB","service":"user-service","timestamp":"2025-01-30T14:43:52.520Z"}
{"level":"info","message":"User service running on port 3001","service":"user-service","timestamp":"2025-01-30T14:43:55.711Z"}
{"level":"info","message":"Connected to mongoDB","service":"user-service","timestamp":"2025-01-30T14:43:58.325Z"}
{"level":"info","message":"Received POST' request to /api/auth/signup","service":"user-service","timestamp":"2025-01-30T14:44:05.664Z"}
{"level":"info","message":"Request Body [object Object]","service":"user-service","timestamp":"2025-01-30T14:44:05.665Z"}
{"level":"info","message":"Registration route...","service":"user-service","timestamp":"2025-01-30T14:44:05.677Z"}
{"0":"\"","1":"p","10":" ","11":"f","12":"a","13":"i","14":"l","15":"e","16":"d","17":" ","18":"c","19":"u","2":"a","20":"s","21":"t","22":"o","23":"m","24":" ","25":"v","26":"a","27":"l","28":"i","29":"d","3":"s","30":"a","31":"t","32":"i","33":"o","34":"n","35":" ","36":"b","37":"e","38":"c","39":"a","4":"s","40":"u","41":"s","42":"e","43":" ","44":"C","45":"a","46":"n","47":"n","48":"o","49":"t","5":"w","50":" ","51":"r","52":"e","53":"a","54":"d","55":" ","56":"p","57":"r","58":"o","59":"p","6":"o","60":"e","61":"r","62":"t","63":"i","64":"e","65":"s","66":" ","67":"o","68":"f","69":" ","7":"r","70":"u","71":"n","72":"d","73":"e","74":"f","75":"i","76":"n","77":"e","78":"d","79":" ","8":"d","80":"(","81":"r","82":"e","83":"a","84":"d","85":"i","86":"n","87":"g","88":" ","89":"'","9":"\"","90":"p","91":"r","92":"e","93":"s","94":"e","95":"n","96":"c","97":"e","98":"'","99":")","level":"warn","message":"Validation error encountered","service":"user-service","timestamp":"2025-01-30T14:44:05.698Z"}
{"level":"info","message":"User service running on port 3001","service":"user-service","timestamp":"2025-01-30T14:44:33.401Z"}
{"level":"info","message":"User service running on port 3001","service":"user-service","timestamp":"2025-01-30T14:44:35.196Z"}
{"level":"info","message":"Connected to mongoDB","service":"user-service","timestamp":"2025-01-30T14:44:37.881Z"}
{"level":"info","message":"User service running on port 3001","service":"user-service","timestamp":"2025-01-30T14:44:39.663Z"}
{"level":"info","message":"Connected to mongoDB","service":"user-service","timestamp":"2025-01-30T14:44:42.244Z"}
{"level":"info","message":"User service running on port 3001","service":"user-service","timestamp":"2025-01-30T14:44:46.296Z"}
{"level":"info","message":"Connected to mongoDB","service":"user-service","timestamp":"2025-01-30T14:44:49.307Z"}
{"level":"info","message":"Received POST' request to /api/auth/signup","service":"user-service","timestamp":"2025-01-30T14:44:50.092Z"}
{"level":"info","message":"Request Body [object Object]","service":"user-service","timestamp":"2025-01-30T14:44:50.093Z"}
{"level":"info","message":"Registration route...","service":"user-service","timestamp":"2025-01-30T14:44:50.099Z"}
{"_message":"User validation failed","errors":{"bio":{"kind":"required","message":"Path `bio` is required.","name":"ValidatorError","path":"bio","properties":{"message":"Path `bio` is required.","path":"bio","type":"required"}}},"level":"error","message":"Registration error User validation failed: bio: Path `bio` is required.","service":"user-service","stack":"ValidationError: User validation failed: bio: Path `bio` is required.\n    at Document.invalidate (/home/jaaystones1/social_media_microservice/user-service/node_modules/mongoose/lib/document.js:3334:32)\n    at /home/jaaystones1/social_media_microservice/user-service/node_modules/mongoose/lib/document.js:3095:17\n    at /home/jaaystones1/social_media_microservice/user-service/node_modules/mongoose/lib/schemaType.js:1407:9\n    at process.processTicksAndRejections (node:internal/process/task_queues:77:11)","timestamp":"2025-01-30T14:44:52.736Z"}
{"level":"info","message":"User service running on port 3001","service":"user-service","timestamp":"2025-01-30T14:45:51.167Z"}
{"level":"info","message":"Connected to mongoDB","service":"user-service","timestamp":"2025-01-30T14:45:55.648Z"}
{"level":"info","message":"User service running on port 3001","service":"user-service","timestamp":"2025-01-30T14:46:10.410Z"}
{"level":"info","message":"Connected to mongoDB","service":"user-service","timestamp":"2025-01-30T14:46:13.226Z"}
{"level":"info","message":"User service running on port 3001","service":"user-service","timestamp":"2025-01-30T14:46:22.360Z"}
{"level":"info","message":"Connected to mongoDB","service":"user-service","timestamp":"2025-01-30T14:46:25.127Z"}
{"level":"info","message":"Received POST' request to /api/auth/signup","service":"user-service","timestamp":"2025-01-30T14:46:57.277Z"}
{"level":"info","message":"Request Body [object Object]","service":"user-service","timestamp":"2025-01-30T14:46:57.278Z"}
{"level":"info","message":"Registration route...","service":"user-service","timestamp":"2025-01-30T14:46:57.284Z"}
{"level":"error","message":"Registration error bio is not defined","service":"user-service","stack":"ReferenceError: bio is not defined\n    at registerUser (/home/jaaystones1/social_media_microservice/user-service/src/controllers/userController.js:32:53)\n    at process.processTicksAndRejections (node:internal/process/task_queues:95:5)","timestamp":"2025-01-30T14:46:57.601Z"}
{"level":"info","message":"User service running on port 3001","service":"user-service","timestamp":"2025-01-30T14:47:24.597Z"}
{"level":"info","message":"Connected to mongoDB","service":"user-service","timestamp":"2025-01-30T14:47:30.190Z"}
{"level":"info","message":"Received POST' request to /api/auth/signup","service":"user-service","timestamp":"2025-01-30T14:47:33.867Z"}
{"level":"info","message":"Request Body [object Object]","service":"user-service","timestamp":"2025-01-30T14:47:33.868Z"}
{"level":"info","message":"Registration route...","service":"user-service","timestamp":"2025-01-30T14:47:33.874Z"}
{"buffer":{"data":[103,155,145,6,239,26,139,44,183,125,244,112],"type":"Buffer"},"level":"warn","message":"User created sucessfully","service":"user-service","timestamp":"2025-01-30T14:47:34.583Z"}
{"level":"error","message":"Registration error user_ is not defined","service":"user-service","stack":"ReferenceError: user_ is not defined\n    at generateTokens (/home/jaaystones1/social_media_microservice/user-service/src/utils/generateToken.js:7:18)\n    at registerUser (/home/jaaystones1/social_media_microservice/user-service/src/controllers/userController.js:36:53)\n    at process.processTicksAndRejections (node:internal/process/task_queues:95:5)","timestamp":"2025-01-30T14:47:34.586Z"}
{"level":"info","message":"User service running on port 3001","service":"user-service","timestamp":"2025-01-30T14:49:22.096Z"}
{"level":"info","message":"Connected to mongoDB","service":"user-service","timestamp":"2025-01-30T14:49:26.739Z"}
{"level":"info","message":"Received POST' request to /api/auth/signup","service":"user-service","timestamp":"2025-01-30T14:49:54.595Z"}
{"level":"info","message":"Request Body [object Object]","service":"user-service","timestamp":"2025-01-30T14:49:54.597Z"}
{"level":"info","message":"Registration route...","service":"user-service","timestamp":"2025-01-30T14:49:54.605Z"}
{"level":"warn","message":"User already exists","service":"user-service","timestamp":"2025-01-30T14:49:54.922Z"}
{"level":"info","message":"Received POST' request to /api/auth/signup","service":"user-service","timestamp":"2025-01-30T14:52:59.536Z"}
{"level":"info","message":"Request Body [object Object]","service":"user-service","timestamp":"2025-01-30T14:52:59.537Z"}
{"level":"info","message":"Registration route...","service":"user-service","timestamp":"2025-01-30T14:52:59.541Z"}
{"buffer":{"data":[103,155,146,75,161,236,202,222,250,212,204,37],"type":"Buffer"},"level":"warn","message":"User created sucessfully","service":"user-service","timestamp":"2025-01-30T14:53:00.277Z"}
{"level":"info","message":"Received POST' request to /api/auth/signup","service":"user-service","timestamp":"2025-01-30T14:54:30.185Z"}
{"level":"info","message":"Request Body [object Object]","service":"user-service","timestamp":"2025-01-30T14:54:30.186Z"}
{"level":"info","message":"Registration route...","service":"user-service","timestamp":"2025-01-30T14:54:30.190Z"}
{"level":"warn","message":"User already exists","service":"user-service","timestamp":"2025-01-30T14:54:30.483Z"}
{"level":"info","message":"Received POST' request to /api/auth/signup","service":"user-service","timestamp":"2025-01-30T14:54:34.968Z"}
{"level":"info","message":"Request Body [object Object]","service":"user-service","timestamp":"2025-01-30T14:54:34.969Z"}
{"level":"info","message":"Registration route...","service":"user-service","timestamp":"2025-01-30T14:54:34.971Z"}
{"level":"warn","message":"User already exists","service":"user-service","timestamp":"2025-01-30T14:54:35.256Z"}
{"level":"info","message":"Received POST' request to /api/auth/signup","service":"user-service","timestamp":"2025-01-30T14:54:43.431Z"}
{"level":"info","message":"Request Body [object Object]","service":"user-service","timestamp":"2025-01-30T14:54:43.432Z"}
{"level":"info","message":"Registration route...","service":"user-service","timestamp":"2025-01-30T14:54:43.436Z"}
{"level":"warn","message":"User already exists","service":"user-service","timestamp":"2025-01-30T14:54:43.717Z"}
{"level":"info","message":"Received POST' request to /api/auth/signup","service":"user-service","timestamp":"2025-01-30T14:54:52.083Z"}
{"level":"info","message":"Request Body [object Object]","service":"user-service","timestamp":"2025-01-30T14:54:52.084Z"}
{"level":"info","message":"Registration route...","service":"user-service","timestamp":"2025-01-30T14:54:52.099Z"}
{"_message":"User validation failed","errors":{"password":{"kind":"minlength","message":"Password must have at least 6 characters","name":"ValidatorError","path":"password","properties":{"message":"Password must have at least 6 characters","minlength":6,"path":"password","type":"minlength","value":"Jogol"},"value":"Jogol"}},"level":"error","message":"Registration error User validation failed: password: Password must have at least 6 characters","service":"user-service","stack":"ValidationError: User validation failed: password: Password must have at least 6 characters\n    at Document.invalidate (/home/jaaystones1/social_media_microservice/user-service/node_modules/mongoose/lib/document.js:3334:32)\n    at /home/jaaystones1/social_media_microservice/user-service/node_modules/mongoose/lib/document.js:3095:17\n    at /home/jaaystones1/social_media_microservice/user-service/node_modules/mongoose/lib/schemaType.js:1407:9\n    at process.processTicksAndRejections (node:internal/process/task_queues:77:11)","timestamp":"2025-01-30T14:54:52.378Z"}
{"level":"info","message":"User service running on port 3001","service":"user-service","timestamp":"2025-01-30T14:55:32.181Z"}
{"level":"info","message":"Connected to mongoDB","service":"user-service","timestamp":"2025-01-30T14:55:37.001Z"}
{"level":"info","message":"Received POST' request to /api/auth/signup","service":"user-service","timestamp":"2025-01-30T14:55:39.983Z"}
{"level":"info","message":"Request Body [object Object]","service":"user-service","timestamp":"2025-01-30T14:55:39.984Z"}
{"level":"info","message":"Registration route...","service":"user-service","timestamp":"2025-01-30T14:55:39.993Z"}
{"0":"\"","1":"p","10":" ","11":"l","12":"e","13":"n","14":"g","15":"t","16":"h","17":" ","18":"m","19":"u","2":"a","20":"s","21":"t","22":" ","23":"b","24":"e","25":" ","26":"a","27":"t","28":" ","29":"l","3":"s","30":"e","31":"a","32":"s","33":"t","34":" ","35":"6","36":" ","37":"c","38":"h","39":"a","4":"s","40":"r","41":"a","42":"c","43":"t","44":"e","45":"r","46":"s","47":" ","48":"l","49":"o","5":"w","50":"n","51":"g","6":"o","7":"r","8":"d","9":"\"","level":"warn","message":"Validation error encountered","service":"user-service","timestamp":"2025-01-30T14:55:40.012Z"}
{"level":"info","message":"Received POST' request to /api/auth/signup","service":"user-service","timestamp":"2025-01-30T14:55:59.043Z"}
{"level":"info","message":"Request Body [object Object]","service":"user-service","timestamp":"2025-01-30T14:55:59.044Z"}
{"level":"info","message":"Registration route...","service":"user-service","timestamp":"2025-01-30T14:55:59.058Z"}
{"0":"\"","1":"u","10":" ","11":"l","12":"e","13":"n","14":"g","15":"t","16":"h","17":" ","18":"m","19":"u","2":"s","20":"s","21":"t","22":" ","23":"b","24":"e","25":" ","26":"a","27":"t","28":" ","29":"l","3":"e","30":"e","31":"a","32":"s","33":"t","34":" ","35":"3","36":" ","37":"c","38":"h","39":"a","4":"r","40":"r","41":"a","42":"c","43":"t","44":"e","45":"r","46":"s","47":" ","48":"l","49":"o","5":"n","50":"n","51":"g","6":"a","7":"m","8":"e","9":"\"","level":"warn","message":"Validation error encountered","service":"user-service","timestamp":"2025-01-30T14:55:59.072Z"}
{"level":"info","message":"User service running on port 3001","service":"user-service","timestamp":"2025-01-30T15:00:08.988Z"}
{"level":"info","message":"User service running on port 3001","service":"user-service","timestamp":"2025-01-30T15:00:11.684Z"}
{"level":"info","message":"Connected to mongoDB","service":"user-service","timestamp":"2025-01-30T15:00:14.839Z"}
{"level":"info","message":"User service running on port 3001","service":"user-service","timestamp":"2025-01-30T15:00:16.686Z"}
{"level":"info","message":"Connected to mongoDB","service":"user-service","timestamp":"2025-01-30T15:00:19.634Z"}
{"level":"info","message":"Received POST' request to /api/auth/signup","service":"user-service","timestamp":"2025-01-30T15:00:22.383Z"}
{"level":"info","message":"Request Body [object Object]","service":"user-service","timestamp":"2025-01-30T15:00:22.384Z"}
{"level":"info","message":"Registration route...","service":"user-service","timestamp":"2025-01-30T15:00:22.391Z"}
{"0":"\"","1":"u","10":" ","11":"i","12":"s","13":" ","14":"r","15":"e","16":"q","17":"u","18":"i","19":"r","2":"s","20":"e","21":"d","3":"e","4":"r","5":"n","6":"a","7":"m","8":"e","9":"\"","level":"warn","message":"Validation error encountered","service":"user-service","timestamp":"2025-01-30T15:00:22.406Z"}
{"level":"info","message":"Received POST' request to /api/auth/login","service":"user-service","timestamp":"2025-01-30T15:00:41.061Z"}
{"level":"info","message":"Request Body [object Object]","service":"user-service","timestamp":"2025-01-30T15:00:41.066Z"}
{"level":"info","message":"Login route...","service":"user-service","timestamp":"2025-01-30T15:00:41.069Z"}
{"level":"error","message":"Login error occurred `Model.findOne()` cannot run without a model as `this`. Make sure you are calling `MyModel.findOne()` where `MyModel` is a Mongoose model.","service":"user-service","stack":"MongooseError: `Model.findOne()` cannot run without a model as `this`. Make sure you are calling `MyModel.findOne()` where `MyModel` is a Mongoose model.\n    at _checkContext (/home/jaaystones1/social_media_microservice/user-service/node_modules/mongoose/lib/model.js:957:11)\n    at findOne (/home/jaaystones1/social_media_microservice/user-service/node_modules/mongoose/lib/model.js:2078:3)\n    at loginUser (/home/jaaystones1/social_media_microservice/user-service/src/controllers/userController.js:71:28)\n    at Layer.handle [as handle_request] (/home/jaaystones1/social_media_microservice/user-service/node_modules/express/lib/router/layer.js:95:5)\n    at next (/home/jaaystones1/social_media_microservice/user-service/node_modules/express/lib/router/route.js:149:13)\n    at Route.dispatch (/home/jaaystones1/social_media_microservice/user-service/node_modules/express/lib/router/route.js:119:3)\n    at Layer.handle [as handle_request] (/home/jaaystones1/social_media_microservice/user-service/node_modules/express/lib/router/layer.js:95:5)\n    at /home/jaaystones1/social_media_microservice/user-service/node_modules/express/lib/router/index.js:284:15\n    at Function.process_params (/home/jaaystones1/social_media_microservice/user-service/node_modules/express/lib/router/index.js:346:12)\n    at next (/home/jaaystones1/social_media_microservice/user-service/node_modules/express/lib/router/index.js:280:10)","timestamp":"2025-01-30T15:00:41.076Z"}
{"level":"info","message":"User service running on port 3001","service":"user-service","timestamp":"2025-01-30T15:01:10.703Z"}
{"level":"info","message":"Received POST' request to /api/auth/login","service":"user-service","timestamp":"2025-01-30T15:01:22.371Z"}
{"level":"info","message":"Request Body [object Object]","service":"user-service","timestamp":"2025-01-30T15:01:22.372Z"}
{"level":"info","message":"Login route...","service":"user-service","timestamp":"2025-01-30T15:01:22.381Z"}
{"level":"info","message":"Connected to mongoDB","service":"user-service","timestamp":"2025-01-30T15:01:22.986Z"}
{"level":"info","message":"Received POST' request to /api/auth/logout","service":"user-service","timestamp":"2025-01-30T15:06:44.561Z"}
{"level":"info","message":"Request Body [object Object]","service":"user-service","timestamp":"2025-01-30T15:06:44.562Z"}
{"level":"info","message":"Logout route...","service":"user-service","timestamp":"2025-01-30T15:06:44.569Z"}
{"level":"warn","message":"Refresh token missing","service":"user-service","timestamp":"2025-01-30T15:06:44.570Z"}
{"level":"info","message":"Received POST' request to /api/auth/logout","service":"user-service","timestamp":"2025-01-30T15:07:37.462Z"}
{"level":"info","message":"Request Body [object Object]","service":"user-service","timestamp":"2025-01-30T15:07:37.463Z"}
{"level":"info","message":"Logout route...","service":"user-service","timestamp":"2025-01-30T15:07:37.469Z"}
{"cause":{},"level":"error","message":"Error while logging out getaddrinfo EAI_AGAIN ac-wmcfjby-shard-00-01.z6affmz.mongodb.net","reason":{"commonWireVersion":0,"compatible":true,"heartbeatFrequencyMS":10000,"localThresholdMS":15,"logicalSessionTimeoutMinutes":null,"maxElectionId":{"$oid":"7fffffff000000000000012f"},"maxSetVersion":18,"servers":{"ac-wmcfjby-shard-00-00.z6affmz.mongodb.net:27017":{"$clusterTime":null,"address":"ac-wmcfjby-shard-00-00.z6affmz.mongodb.net:27017","arbiters":[],"electionId":null,"error":{},"hosts":[],"iscryptd":false,"lastUpdateTime":28905960,"lastWriteDate":0,"logicalSessionTimeoutMinutes":null,"maxBsonObjectSize":null,"maxMessageSizeBytes":null,"maxWireVersion":0,"maxWriteBatchSize":null,"me":null,"minRoundTripTime":0,"minWireVersion":0,"passives":[],"primary":null,"roundTripTime":-1,"setName":null,"setVersion":null,"tags":{},"topologyVersion":null,"type":"Unknown"},"ac-wmcfjby-shard-00-01.z6affmz.mongodb.net:27017":{"$clusterTime":null,"address":"ac-wmcfjby-shard-00-01.z6affmz.mongodb.net:27017","arbiters":[],"electionId":null,"error":{},"hosts":[],"iscryptd":false,"lastUpdateTime":28896451,"lastWriteDate":0,"logicalSessionTimeoutMinutes":null,"maxBsonObjectSize":null,"maxMessageSizeBytes":null,"maxWireVersion":0,"maxWriteBatchSize":null,"me":null,"minRoundTripTime":0,"minWireVersion":0,"passives":[],"primary":null,"roundTripTime":-1,"setName":null,"setVersion":null,"tags":{},"topologyVersion":null,"type":"Unknown"},"ac-wmcfjby-shard-00-02.z6affmz.mongodb.net:27017":{"$clusterTime":null,"address":"ac-wmcfjby-shard-00-02.z6affmz.mongodb.net:27017","arbiters":[],"electionId":null,"error":{},"hosts":[],"iscryptd":false,"lastUpdateTime":28906460,"lastWriteDate":0,"logicalSessionTimeoutMinutes":null,"maxBsonObjectSize":null,"maxMessageSizeBytes":null,"maxWireVersion":0,"maxWriteBatchSize":null,"me":null,"minRoundTripTime":0,"minWireVersion":0,"passives":[],"primary":null,"roundTripTime":-1,"setName":null,"setVersion":null,"tags":{},"topologyVersion":null,"type":"Unknown"}},"setName":"atlas-i14x4i-shard-0","stale":false,"type":"ReplicaSetNoPrimary"},"service":"user-service","stack":"MongoServerSelectionError: getaddrinfo EAI_AGAIN ac-wmcfjby-shard-00-01.z6affmz.mongodb.net\n    at Topology.selectServer (/home/jaaystones1/social_media_microservice/user-service/node_modules/mongodb/lib/sdam/topology.js:320:38)\n    at async tryOperation (/home/jaaystones1/social_media_microservice/user-service/node_modules/mongodb/lib/operations/execute_operation.js:143:18)\n    at async executeOperation (/home/jaaystones1/social_media_microservice/user-service/node_modules/mongodb/lib/operations/execute_operation.js:73:16)\n    at async Collection.deleteOne (/home/jaaystones1/social_media_microservice/user-service/node_modules/mongodb/lib/collection.js:240:16)\n    at async model.Query.exec (/home/jaaystones1/social_media_microservice/user-service/node_modules/mongoose/lib/query.js:4438:63)\n    at async logoutUser (/home/jaaystones1/social_media_microservice/user-service/src/controllers/userController.js:170:7)","timestamp":"2025-01-30T15:08:07.477Z"}
{"level":"info","message":"User service running on port 3001","service":"user-service","timestamp":"2025-01-30T15:08:35.245Z"}
{"code":"EREFUSED","hostname":"_mongodb._tcp.cluster0.z6affmz.mongodb.net","level":"error","message":"MongoDB connection error querySrv EREFUSED _mongodb._tcp.cluster0.z6affmz.mongodb.net","service":"user-service","stack":"Error: querySrv EREFUSED _mongodb._tcp.cluster0.z6affmz.mongodb.net\n    at QueryReqWrap.onresolve [as oncomplete] (node:internal/dns/promises:275:17)","syscall":"querySrv","timestamp":"2025-01-30T15:08:35.256Z"}
{"level":"info","message":"User service running on port 3001","service":"user-service","timestamp":"2025-01-30T15:55:54.774Z"}
{"code":"EREFUSED","hostname":"_mongodb._tcp.cluster0.z6affmz.mongodb.net","level":"error","message":"MongoDB connection error querySrv EREFUSED _mongodb._tcp.cluster0.z6affmz.mongodb.net","service":"user-service","stack":"Error: querySrv EREFUSED _mongodb._tcp.cluster0.z6affmz.mongodb.net\n    at QueryReqWrap.onresolve [as oncomplete] (node:internal/dns/promises:275:17)","syscall":"querySrv","timestamp":"2025-01-30T15:55:54.817Z"}
{"level":"info","message":"User service running on port 3001","service":"user-service","timestamp":"2025-01-30T15:57:09.423Z"}
{"code":"EREFUSED","hostname":"_mongodb._tcp.cluster0.z6affmz.mongodb.net","level":"error","message":"MongoDB connection error querySrv EREFUSED _mongodb._tcp.cluster0.z6affmz.mongodb.net","service":"user-service","stack":"Error: querySrv EREFUSED _mongodb._tcp.cluster0.z6affmz.mongodb.net\n    at QueryReqWrap.onresolve [as oncomplete] (node:internal/dns/promises:275:17)","syscall":"querySrv","timestamp":"2025-01-30T15:57:09.432Z"}
{"level":"info","message":"User service running on port 3001","service":"user-service","timestamp":"2025-01-30T15:57:39.330Z"}
{"code":"EREFUSED","hostname":"_mongodb._tcp.cluster0.z6affmz.mongodb.net","level":"error","message":"MongoDB connection error querySrv EREFUSED _mongodb._tcp.cluster0.z6affmz.mongodb.net","service":"user-service","stack":"Error: querySrv EREFUSED _mongodb._tcp.cluster0.z6affmz.mongodb.net\n    at QueryReqWrap.onresolve [as oncomplete] (node:internal/dns/promises:275:17)","syscall":"querySrv","timestamp":"2025-01-30T15:57:39.338Z"}
{"level":"info","message":"User service running on port 3001","service":"user-service","timestamp":"2025-01-30T16:14:39.000Z"}
{"level":"info","message":"Connected to mongoDB","service":"user-service","timestamp":"2025-01-30T16:14:46.291Z"}
{"level":"info","message":"Received POST' request to /api/auth/logout","service":"user-service","timestamp":"2025-01-30T16:14:53.046Z"}
{"level":"info","message":"Request Body [object Object]","service":"user-service","timestamp":"2025-01-30T16:14:53.048Z"}
{"level":"info","message":"Logout route...","service":"user-service","timestamp":"2025-01-30T16:14:53.060Z"}
{"level":"info","message":"Refresh token deleted for logout","service":"user-service","timestamp":"2025-01-30T16:14:53.381Z"}
{"level":"info","message":"User service running on port 3001","service":"user-service","timestamp":"2025-01-30T16:29:42.211Z"}
{"level":"info","message":"Connected to mongoDB","service":"user-service","timestamp":"2025-01-30T16:30:01.753Z"}
{"level":"info","message":"Received POST' request to /api/auth/login","service":"user-service","timestamp":"2025-01-30T16:30:36.764Z"}
{"level":"info","message":"Request Body [object Object]","service":"user-service","timestamp":"2025-01-30T16:30:36.765Z"}
{"level":"info","message":"Login route...","service":"user-service","timestamp":"2025-01-30T16:30:36.771Z"}
{"level":"info","message":"Received POST' request to /api/auth/logout","service":"user-service","timestamp":"2025-01-30T16:32:30.254Z"}
{"level":"info","message":"Request Body [object Object]","service":"user-service","timestamp":"2025-01-30T16:32:30.255Z"}
{"level":"info","message":"Logout route...","service":"user-service","timestamp":"2025-01-30T16:32:30.261Z"}
{"level":"info","message":"Refresh token deleted for logout","service":"user-service","timestamp":"2025-01-30T16:32:30.562Z"}
{"level":"info","message":"Received POST' request to /api/auth/signup","service":"user-service","timestamp":"2025-01-30T16:33:08.621Z"}
{"level":"info","message":"Request Body [object Object]","service":"user-service","timestamp":"2025-01-30T16:33:08.623Z"}
{"level":"info","message":"Registration route...","service":"user-service","timestamp":"2025-01-30T16:33:08.625Z"}
{"buffer":{"data":[103,155,169,196,90,189,98,50,152,84,171,182],"type":"Buffer"},"level":"warn","message":"User created sucessfully","service":"user-service","timestamp":"2025-01-30T16:33:09.482Z"}
{"level":"info","message":"User service running on port 3001","service":"user-service","timestamp":"2025-01-30T16:43:26.664Z"}
{"level":"info","message":"User service running on port 3001","service":"user-service","timestamp":"2025-01-30T16:43:32.658Z"}
{"level":"info","message":"Connected to mongoDB","service":"user-service","timestamp":"2025-01-30T16:43:36.180Z"}
{"level":"info","message":"User service running on port 3001","service":"user-service","timestamp":"2025-01-30T16:44:33.488Z"}
{"level":"info","message":"Connected to mongoDB","service":"user-service","timestamp":"2025-01-30T16:44:43.748Z"}
{"level":"info","message":"User service running on port 3001","service":"user-service","timestamp":"2025-01-30T16:45:16.402Z"}
{"level":"info","message":"Connected to mongoDB","service":"user-service","timestamp":"2025-01-30T16:45:19.474Z"}
