{"level":"info","message":"API Gateway is running on port 3000","service":"api-gateway","timestamp":"2025-01-30T16:23:24.211Z"}
{"level":"info","message":"User service is running on port undefined","service":"api-gateway","timestamp":"2025-01-30T16:23:24.215Z"}
{"level":"info","message":"Redis Url redis://localhost:6379","service":"api-gateway","timestamp":"2025-01-30T16:23:24.216Z"}
{"level":"info","message":"Received POST request to /v1/auth/login","service":"api-gateway","timestamp":"2025-01-30T16:26:50.372Z"}
{"level":"info","message":"Request body, [object Object]","service":"api-gateway","timestamp":"2025-01-30T16:26:50.373Z"}
{"level":"error","message":"Proxy error: connect ECONNREFUSED 127.0.0.1:3001","service":"api-gateway","timestamp":"2025-01-30T16:26:50.394Z"}
{"level":"info","message":"API Gateway is running on port 3000","service":"api-gateway","timestamp":"2025-01-30T16:29:52.006Z"}
{"level":"info","message":"User service is running on port undefined","service":"api-gateway","timestamp":"2025-01-30T16:29:52.009Z"}
{"level":"info","message":"Redis Url redis://localhost:6379","service":"api-gateway","timestamp":"2025-01-30T16:29:52.010Z"}
{"level":"info","message":"API Gateway is running on port 3000","service":"api-gateway","timestamp":"2025-01-30T16:30:19.869Z"}
{"level":"info","message":"User service is running on port http://localhost:3001","service":"api-gateway","timestamp":"2025-01-30T16:30:19.873Z"}
{"level":"info","message":"Redis Url redis://localhost:6379","service":"api-gateway","timestamp":"2025-01-30T16:30:19.874Z"}
{"level":"info","message":"Received POST request to /v1/auth/login","service":"api-gateway","timestamp":"2025-01-30T16:30:36.716Z"}
{"level":"info","message":"Request body, [object Object]","service":"api-gateway","timestamp":"2025-01-30T16:30:36.716Z"}
{"level":"info","message":"Response received from User service: 200","service":"api-gateway","timestamp":"2025-01-30T16:30:37.479Z"}
{"level":"info","message":"Received POST request to /api/auth/logout","service":"api-gateway","timestamp":"2025-01-30T16:32:00.841Z"}
{"level":"info","message":"Request body, [object Object]","service":"api-gateway","timestamp":"2025-01-30T16:32:00.842Z"}
{"level":"info","message":"Received POST request to /v1/auth/logout","service":"api-gateway","timestamp":"2025-01-30T16:32:30.246Z"}
{"level":"info","message":"Request body, [object Object]","service":"api-gateway","timestamp":"2025-01-30T16:32:30.246Z"}
{"level":"info","message":"Response received from User service: 200","service":"api-gateway","timestamp":"2025-01-30T16:32:30.566Z"}
{"level":"info","message":"Received POST request to /v1/auth/signup","service":"api-gateway","timestamp":"2025-01-30T16:33:08.593Z"}
{"level":"info","message":"Request body, [object Object]","service":"api-gateway","timestamp":"2025-01-30T16:33:08.594Z"}
{"level":"info","message":"Response received from User service: 201","service":"api-gateway","timestamp":"2025-01-30T16:33:09.788Z"}
{"level":"info","message":"API Gateway is running on port 3000","service":"api-gateway","timestamp":"2025-02-03T22:09:14.357Z"}
{"level":"info","message":"User service is running on port http://localhost:3001","service":"api-gateway","timestamp":"2025-02-03T22:09:14.362Z"}
{"level":"info","message":"Redis Url redis://localhost:6379","service":"api-gateway","timestamp":"2025-02-03T22:09:14.363Z"}
{"level":"info","message":"Received POST request to /v1/auth/logout","service":"api-gateway","timestamp":"2025-02-03T22:23:26.394Z"}
{"level":"info","message":"Request body, [object Object]","service":"api-gateway","timestamp":"2025-02-03T22:23:26.395Z"}
{"level":"info","message":"Response received from User service: 200","service":"api-gateway","timestamp":"2025-02-03T22:23:28.221Z"}
{"level":"info","message":"Received POST request to /v1/auth/login","service":"api-gateway","timestamp":"2025-02-03T22:23:40.335Z"}
{"level":"info","message":"Request body, [object Object]","service":"api-gateway","timestamp":"2025-02-03T22:23:40.335Z"}
{"level":"info","message":"Response received from User service: 200","service":"api-gateway","timestamp":"2025-02-03T22:23:43.240Z"}
{"level":"info","message":"API Gateway is running on port 3000","service":"api-gateway","timestamp":"2025-02-04T13:10:53.616Z"}
{"level":"info","message":"User service is running on port http://localhost:3001","service":"api-gateway","timestamp":"2025-02-04T13:10:53.620Z"}
{"level":"info","message":"Post service is running on port http://localhost:3002","service":"api-gateway","timestamp":"2025-02-04T13:10:53.621Z"}
{"level":"info","message":"Redis Url redis://localhost:6379","service":"api-gateway","timestamp":"2025-02-04T13:10:53.621Z"}
{"level":"info","message":"Received POST request to /v1/posts/create-post","service":"api-gateway","timestamp":"2025-02-04T13:30:02.409Z"}
{"level":"info","message":"Request body, [object Object]","service":"api-gateway","timestamp":"2025-02-04T13:30:02.411Z"}
{"level":"warn","message":"Access attempt without valid token!","service":"api-gateway","timestamp":"2025-02-04T13:30:02.414Z"}
{"level":"info","message":"Received POST request to /v1/auth/login","service":"api-gateway","timestamp":"2025-02-04T13:33:02.296Z"}
{"level":"info","message":"Request body, [object Object]","service":"api-gateway","timestamp":"2025-02-04T13:33:02.297Z"}
{"level":"error","message":"Proxy error: connect ECONNREFUSED 127.0.0.1:3001","service":"api-gateway","timestamp":"2025-02-04T13:33:02.320Z"}
{"level":"info","message":"Received POST request to /v1/auth/login","service":"api-gateway","timestamp":"2025-02-04T13:33:58.248Z"}
{"level":"info","message":"Request body, [object Object]","service":"api-gateway","timestamp":"2025-02-04T13:33:58.249Z"}
{"level":"info","message":"Response received from User service: 200","service":"api-gateway","timestamp":"2025-02-04T13:33:59.058Z"}
{"level":"info","message":"Received POST request to /v1/posts/create-post","service":"api-gateway","timestamp":"2025-02-04T13:34:15.297Z"}
{"level":"info","message":"Request body, [object Object]","service":"api-gateway","timestamp":"2025-02-04T13:34:15.298Z"}
{"level":"warn","message":"Invalid token!","service":"api-gateway","timestamp":"2025-02-04T13:34:15.300Z"}
{"level":"info","message":"Received POST request to /v1/posts/create-post","service":"api-gateway","timestamp":"2025-02-04T13:36:44.617Z"}
{"level":"info","message":"Request body, [object Object]","service":"api-gateway","timestamp":"2025-02-04T13:36:44.617Z"}
{"level":"warn","message":"Access attempt without valid token!","service":"api-gateway","timestamp":"2025-02-04T13:36:44.617Z"}
{"level":"info","message":"Received POST request to /v1/posts/create-post","service":"api-gateway","timestamp":"2025-02-04T13:37:35.917Z"}
{"level":"info","message":"Request body, [object Object]","service":"api-gateway","timestamp":"2025-02-04T13:37:35.917Z"}
{"level":"warn","message":"Invalid token!","service":"api-gateway","timestamp":"2025-02-04T13:37:35.918Z"}
{"level":"info","message":"Received POST request to /v1/auth/login","service":"api-gateway","timestamp":"2025-02-04T13:37:44.316Z"}
{"level":"info","message":"Request body, [object Object]","service":"api-gateway","timestamp":"2025-02-04T13:37:44.316Z"}
{"level":"info","message":"Response received from User service: 200","service":"api-gateway","timestamp":"2025-02-04T13:37:45.060Z"}
{"level":"info","message":"Received POST request to /v1/posts/create-post","service":"api-gateway","timestamp":"2025-02-04T13:37:58.660Z"}
{"level":"info","message":"Request body, [object Object]","service":"api-gateway","timestamp":"2025-02-04T13:37:58.660Z"}
{"level":"warn","message":"Invalid token!","service":"api-gateway","timestamp":"2025-02-04T13:37:58.661Z"}
{"level":"info","message":"Received POST request to /v1/auth/logout","service":"api-gateway","timestamp":"2025-02-04T13:42:14.253Z"}
{"level":"info","message":"Request body, [object Object]","service":"api-gateway","timestamp":"2025-02-04T13:42:14.254Z"}
{"level":"info","message":"Response received from User service: 200","service":"api-gateway","timestamp":"2025-02-04T13:42:14.971Z"}
{"level":"info","message":"Received POST request to /v1/auth/login","service":"api-gateway","timestamp":"2025-02-04T13:42:18.805Z"}
{"level":"info","message":"Request body, [object Object]","service":"api-gateway","timestamp":"2025-02-04T13:42:18.805Z"}
{"level":"info","message":"Response received from User service: 200","service":"api-gateway","timestamp":"2025-02-04T13:42:20.686Z"}
{"level":"info","message":"Received POST request to /v1/posts/create-post","service":"api-gateway","timestamp":"2025-02-04T13:42:40.198Z"}
{"level":"info","message":"Request body, [object Object]","service":"api-gateway","timestamp":"2025-02-04T13:42:40.198Z"}
{"level":"warn","message":"Invalid token!","service":"api-gateway","timestamp":"2025-02-04T13:42:40.199Z"}
{"level":"info","message":"Received POST request to /v1/auth/logout","service":"api-gateway","timestamp":"2025-02-04T13:45:11.277Z"}
{"level":"info","message":"Request body, [object Object]","service":"api-gateway","timestamp":"2025-02-04T13:45:11.277Z"}
{"level":"info","message":"Response received from User service: 200","service":"api-gateway","timestamp":"2025-02-04T13:45:11.561Z"}
{"level":"info","message":"Received POST request to /v1/auth/login","service":"api-gateway","timestamp":"2025-02-04T13:45:14.944Z"}
{"level":"info","message":"Request body, [object Object]","service":"api-gateway","timestamp":"2025-02-04T13:45:14.945Z"}
{"level":"info","message":"Response received from User service: 200","service":"api-gateway","timestamp":"2025-02-04T13:45:15.928Z"}
{"level":"info","message":"Received POST request to /v1/posts/create-post","service":"api-gateway","timestamp":"2025-02-04T13:45:55.128Z"}
{"level":"info","message":"Request body, [object Object]","service":"api-gateway","timestamp":"2025-02-04T13:45:55.128Z"}
{"level":"warn","message":"Invalid token!","service":"api-gateway","timestamp":"2025-02-04T13:45:55.129Z"}
{"level":"info","message":"Received POST request to /v1/auth/login","service":"api-gateway","timestamp":"2025-02-04T13:48:12.773Z"}
{"level":"info","message":"Request body, [object Object]","service":"api-gateway","timestamp":"2025-02-04T13:48:12.774Z"}
{"level":"info","message":"Response received from User service: 200","service":"api-gateway","timestamp":"2025-02-04T13:48:13.512Z"}
{"level":"info","message":"Received POST request to /v1/posts/create-post","service":"api-gateway","timestamp":"2025-02-04T13:48:30.234Z"}
{"level":"info","message":"Request body, [object Object]","service":"api-gateway","timestamp":"2025-02-04T13:48:30.234Z"}
{"level":"warn","message":"Access attempt without valid token!","service":"api-gateway","timestamp":"2025-02-04T13:48:30.235Z"}
{"level":"info","message":"Received POST request to /v1/posts/create-post","service":"api-gateway","timestamp":"2025-02-04T13:49:13.722Z"}
{"level":"info","message":"Request body, [object Object]","service":"api-gateway","timestamp":"2025-02-04T13:49:13.722Z"}
{"level":"warn","message":"Access attempt without valid token!","service":"api-gateway","timestamp":"2025-02-04T13:49:13.722Z"}
{"level":"info","message":"Received POST request to /v1/posts/create-post","service":"api-gateway","timestamp":"2025-02-04T13:49:39.732Z"}
{"level":"info","message":"Request body, [object Object]","service":"api-gateway","timestamp":"2025-02-04T13:49:39.733Z"}
{"level":"warn","message":"Access attempt without valid token!","service":"api-gateway","timestamp":"2025-02-04T13:49:39.733Z"}
{"level":"info","message":"Received POST request to /v1/posts/create-post","service":"api-gateway","timestamp":"2025-02-04T13:50:37.298Z"}
{"level":"info","message":"Request body, [object Object]","service":"api-gateway","timestamp":"2025-02-04T13:50:37.299Z"}
{"level":"warn","message":"Invalid token!","service":"api-gateway","timestamp":"2025-02-04T13:50:37.302Z"}
{"level":"info","message":"Received POST request to /v1/auth/login","service":"api-gateway","timestamp":"2025-02-04T13:50:45.946Z"}
{"level":"info","message":"Request body, [object Object]","service":"api-gateway","timestamp":"2025-02-04T13:50:45.947Z"}
{"level":"info","message":"Response received from User service: 200","service":"api-gateway","timestamp":"2025-02-04T13:50:46.712Z"}
{"level":"info","message":"Received POST request to /v1/posts/create-post","service":"api-gateway","timestamp":"2025-02-04T13:51:03.395Z"}
{"level":"info","message":"Request body, [object Object]","service":"api-gateway","timestamp":"2025-02-04T13:51:03.395Z"}
{"level":"warn","message":"Invalid token!","service":"api-gateway","timestamp":"2025-02-04T13:51:03.396Z"}
{"level":"info","message":"API Gateway is running on port 3000","service":"api-gateway","timestamp":"2025-02-04T13:52:28.991Z"}
{"level":"info","message":"User service is running on port http://localhost:3001","service":"api-gateway","timestamp":"2025-02-04T13:52:28.997Z"}
{"level":"info","message":"Post service is running on port http://localhost:3002","service":"api-gateway","timestamp":"2025-02-04T13:52:28.998Z"}
{"level":"info","message":"Redis Url redis://localhost:6379","service":"api-gateway","timestamp":"2025-02-04T13:52:28.999Z"}
{"level":"info","message":"API Gateway is running on port 3000","service":"api-gateway","timestamp":"2025-02-04T13:52:30.107Z"}
{"level":"info","message":"User service is running on port http://localhost:3001","service":"api-gateway","timestamp":"2025-02-04T13:52:30.112Z"}
{"level":"info","message":"Post service is running on port http://localhost:3002","service":"api-gateway","timestamp":"2025-02-04T13:52:30.112Z"}
{"level":"info","message":"Redis Url redis://localhost:6379","service":"api-gateway","timestamp":"2025-02-04T13:52:30.115Z"}
{"level":"info","message":"Received POST request to /v1/auth/login","service":"api-gateway","timestamp":"2025-02-04T13:56:58.860Z"}
{"level":"info","message":"Request body, [object Object]","service":"api-gateway","timestamp":"2025-02-04T13:56:58.861Z"}
{"level":"info","message":"Response received from User service: 200","service":"api-gateway","timestamp":"2025-02-04T13:56:59.615Z"}
{"level":"info","message":"Received POST request to /v1/posts/create-post","service":"api-gateway","timestamp":"2025-02-04T13:57:18.336Z"}
{"level":"info","message":"Request body, [object Object]","service":"api-gateway","timestamp":"2025-02-04T13:57:18.337Z"}
{"level":"info","message":"Response received from Post service: 201","service":"api-gateway","timestamp":"2025-02-04T13:57:18.781Z"}
{"level":"info","message":"Received POST request to /v1/posts/create-post","service":"api-gateway","timestamp":"2025-02-04T13:58:13.803Z"}
{"level":"info","message":"Request body, [object Object]","service":"api-gateway","timestamp":"2025-02-04T13:58:13.803Z"}
{"level":"info","message":"Response received from Post service: 201","service":"api-gateway","timestamp":"2025-02-04T13:58:14.135Z"}
{"level":"info","message":"Received POST request to /v1/posts/create-post","service":"api-gateway","timestamp":"2025-02-04T13:58:26.432Z"}
{"level":"info","message":"Request body, [object Object]","service":"api-gateway","timestamp":"2025-02-04T13:58:26.432Z"}
{"level":"info","message":"Response received from Post service: 201","service":"api-gateway","timestamp":"2025-02-04T13:58:26.752Z"}
{"level":"info","message":"Received GET request to /v1/posts/","service":"api-gateway","timestamp":"2025-02-04T13:59:40.195Z"}
{"level":"info","message":"Request body, [object Object]","service":"api-gateway","timestamp":"2025-02-04T13:59:40.196Z"}
{"level":"info","message":"Response received from Post service: 404","service":"api-gateway","timestamp":"2025-02-04T13:59:40.228Z"}
{"level":"info","message":"Received GET request to /v1/posts/all-posts","service":"api-gateway","timestamp":"2025-02-04T14:00:48.411Z"}
{"level":"info","message":"Request body, [object Object]","service":"api-gateway","timestamp":"2025-02-04T14:00:48.412Z"}
{"level":"info","message":"Response received from Post service: 200","service":"api-gateway","timestamp":"2025-02-04T14:00:49.044Z"}
{"level":"info","message":"Received GET request to /v1/posts/67a21cf59db306dec26091c5","service":"api-gateway","timestamp":"2025-02-04T14:01:18.949Z"}
{"level":"info","message":"Request body, [object Object]","service":"api-gateway","timestamp":"2025-02-04T14:01:18.950Z"}
{"level":"info","message":"Response received from Post service: 200","service":"api-gateway","timestamp":"2025-02-04T14:01:19.260Z"}
{"level":"info","message":"Received GET request to /v1/posts/all-posts","service":"api-gateway","timestamp":"2025-02-04T14:01:47.969Z"}
{"level":"info","message":"Request body, [object Object]","service":"api-gateway","timestamp":"2025-02-04T14:01:47.970Z"}
{"level":"info","message":"Response received from Post service: 200","service":"api-gateway","timestamp":"2025-02-04T14:01:47.984Z"}
{"level":"info","message":"Received GET request to /v1/posts/all-posts","service":"api-gateway","timestamp":"2025-02-04T14:01:52.393Z"}
{"level":"info","message":"Request body, [object Object]","service":"api-gateway","timestamp":"2025-02-04T14:01:52.394Z"}
{"level":"info","message":"Response received from Post service: 200","service":"api-gateway","timestamp":"2025-02-04T14:01:52.417Z"}
{"level":"info","message":"Received GET request to /v1/posts/all-posts","service":"api-gateway","timestamp":"2025-02-04T14:01:54.144Z"}
{"level":"info","message":"Request body, [object Object]","service":"api-gateway","timestamp":"2025-02-04T14:01:54.144Z"}
{"level":"info","message":"Response received from Post service: 200","service":"api-gateway","timestamp":"2025-02-04T14:01:54.177Z"}
{"level":"info","message":"Received GET request to /v1/posts/all-posts","service":"api-gateway","timestamp":"2025-02-04T14:01:55.957Z"}
{"level":"info","message":"Request body, [object Object]","service":"api-gateway","timestamp":"2025-02-04T14:01:55.957Z"}
{"level":"info","message":"Response received from Post service: 200","service":"api-gateway","timestamp":"2025-02-04T14:01:55.967Z"}
{"level":"info","message":"Received GET request to /v1/posts/all-posts","service":"api-gateway","timestamp":"2025-02-04T14:01:57.573Z"}
{"level":"info","message":"Request body, [object Object]","service":"api-gateway","timestamp":"2025-02-04T14:01:57.574Z"}
{"level":"info","message":"Response received from Post service: 200","service":"api-gateway","timestamp":"2025-02-04T14:01:57.600Z"}
{"level":"info","message":"Received GET request to /v1/posts/all-posts","service":"api-gateway","timestamp":"2025-02-04T14:01:59.241Z"}
{"level":"info","message":"Request body, [object Object]","service":"api-gateway","timestamp":"2025-02-04T14:01:59.254Z"}
{"level":"info","message":"Response received from Post service: 200","service":"api-gateway","timestamp":"2025-02-04T14:01:59.266Z"}
{"level":"info","message":"Received GET request to /v1/posts/all-posts","service":"api-gateway","timestamp":"2025-02-04T14:02:01.038Z"}
{"level":"info","message":"Request body, [object Object]","service":"api-gateway","timestamp":"2025-02-04T14:02:01.039Z"}
{"level":"info","message":"Response received from Post service: 200","service":"api-gateway","timestamp":"2025-02-04T14:02:01.067Z"}
{"level":"info","message":"Received GET request to /v1/posts/all-posts","service":"api-gateway","timestamp":"2025-02-04T14:02:02.988Z"}
{"level":"info","message":"Request body, [object Object]","service":"api-gateway","timestamp":"2025-02-04T14:02:02.988Z"}
{"level":"info","message":"Response received from Post service: 200","service":"api-gateway","timestamp":"2025-02-04T14:02:03.026Z"}
{"level":"info","message":"Received GET request to /v1/posts/all-posts","service":"api-gateway","timestamp":"2025-02-04T14:02:05.394Z"}
{"level":"info","message":"Request body, [object Object]","service":"api-gateway","timestamp":"2025-02-04T14:02:05.395Z"}
{"level":"info","message":"Response received from Post service: 200","service":"api-gateway","timestamp":"2025-02-04T14:02:05.410Z"}
{"level":"info","message":"Received GET request to /v1/posts/all-posts","service":"api-gateway","timestamp":"2025-02-04T14:02:07.386Z"}
{"level":"info","message":"Request body, [object Object]","service":"api-gateway","timestamp":"2025-02-04T14:02:07.387Z"}
{"level":"info","message":"Response received from Post service: 200","service":"api-gateway","timestamp":"2025-02-04T14:02:07.402Z"}
{"level":"info","message":"Received GET request to /v1/posts/all-posts","service":"api-gateway","timestamp":"2025-02-04T14:02:09.586Z"}
{"level":"info","message":"Request body, [object Object]","service":"api-gateway","timestamp":"2025-02-04T14:02:09.587Z"}
{"level":"info","message":"Response received from Post service: 200","service":"api-gateway","timestamp":"2025-02-04T14:02:09.623Z"}
{"level":"info","message":"Received POST request to /v1/auth/login","service":"api-gateway","timestamp":"2025-02-04T14:12:27.371Z"}
{"level":"info","message":"Request body, [object Object]","service":"api-gateway","timestamp":"2025-02-04T14:12:27.385Z"}
{"level":"info","message":"Response received from User service: 400","service":"api-gateway","timestamp":"2025-02-04T14:12:27.734Z"}
{"level":"info","message":"Received POST request to /v1/auth/signup","service":"api-gateway","timestamp":"2025-02-04T14:12:40.028Z"}
{"level":"info","message":"Request body, [object Object]","service":"api-gateway","timestamp":"2025-02-04T14:12:40.028Z"}
{"level":"info","message":"Response received from User service: 400","service":"api-gateway","timestamp":"2025-02-04T14:12:40.334Z"}
{"level":"info","message":"Received POST request to /v1/auth/signup","service":"api-gateway","timestamp":"2025-02-04T14:20:39.942Z"}
{"level":"info","message":"Request body, [object Object]","service":"api-gateway","timestamp":"2025-02-04T14:20:39.943Z"}
{"level":"info","message":"Response received from User service: 201","service":"api-gateway","timestamp":"2025-02-04T14:21:45.733Z"}
{"level":"info","message":"Received POST request to /v1/auth/login","service":"api-gateway","timestamp":"2025-02-04T14:24:17.636Z"}
{"level":"info","message":"Request body, [object Object]","service":"api-gateway","timestamp":"2025-02-04T14:24:17.637Z"}
{"level":"info","message":"Response received from User service: 200","service":"api-gateway","timestamp":"2025-02-04T14:24:18.379Z"}
{"level":"info","message":"Received POST request to /v1/posts/create-post","service":"api-gateway","timestamp":"2025-02-04T14:25:10.184Z"}
{"level":"info","message":"Request body, [object Object]","service":"api-gateway","timestamp":"2025-02-04T14:25:10.184Z"}
{"level":"info","message":"Response received from Post service: 201","service":"api-gateway","timestamp":"2025-02-04T14:25:28.892Z"}
{"level":"info","message":"Received GET request to /v1/posts/all-posts","service":"api-gateway","timestamp":"2025-02-04T14:26:03.637Z"}
{"level":"info","message":"Request body, [object Object]","service":"api-gateway","timestamp":"2025-02-04T14:26:03.638Z"}
{"level":"info","message":"Response received from Post service: 200","service":"api-gateway","timestamp":"2025-02-04T14:26:04.852Z"}
